<?xml version="1.0" encoding="UTF-8"?>
<testsuite xmlns:xsi="http://www.w3.org/2001/XMLSchema-instance" xsi:noNamespaceSchemaLocation="https://maven.apache.org/surefire/maven-surefire-plugin/xsd/surefire-test-report.xsd" name="com.baeldung.feign.soap.FeignLiveTest" time="2.056" tests="2" errors="0" skipped="0" failures="0">
  <properties>
[...]
</properties>
  <testcase name="insisFindPerson" classname="com.baeldung.feign.soap.FeignLiveTest" time="2.051"/>
  <testcase name="name" classname="com.baeldung.feign.soap.FeignLiveTest" time="0"/>
</testsuite>